ERROR: Unable to locate a modulefile for 'gcc/12.2.0'
### N = 2 ###
--- Sequential Version (1 Thread) ---
Delannoy(2, 2) = 13
Time: 0.000000 seconds
--- Parallel Version (1 Thread) ---
Delannoy(2, 2) = 13
Time: 0.000012 seconds
--- Parallel Version (12 Threads) ---
Delannoy(2, 2) = 13
Time: 0.000686 seconds

### N = 4 ###
--- Sequential Version (1 Thread) ---
Delannoy(4, 4) = 321
Time: 0.000003 seconds
--- Parallel Version (1 Thread) ---
Delannoy(4, 4) = 321
Time: 0.000111 seconds
--- Parallel Version (12 Threads) ---
Delannoy(4, 4) = 321
Time: 0.001326 seconds

### N = 7 ###
--- Sequential Version (1 Thread) ---
Delannoy(7, 7) = 48639
Time: 0.000242 seconds
--- Parallel Version (1 Thread) ---
Delannoy(7, 7) = 48639
Time: 0.007288 seconds
--- Parallel Version (12 Threads) ---
Delannoy(7, 7) = 48639
Time: 0.101039 seconds

### N = 12 ###
--- Sequential Version (1 Thread) ---
Delannoy(12, 12) = 251595969
Time: 0.814216 seconds
--- Parallel Version (1 Thread) ---
Delannoy(12, 12) = 251595969
Time: 37.183260 seconds
--- Parallel Version (12 Threads) ---
